<?xml version="1.0" encoding="UTF-8"?>
<!-- Generated by org.testng.reporters.JUnitReportReporter -->
<testsuite hostname="XVLT0371" failures="0" tests="1" name="com.Testcase.LoginTestcase" time="13.359" errors="0" timestamp="2022-01-09T19:48:35 IST" skipped="0">
  <testcase classname="com.Testcase.LoginTestcase" name="loginfacebook1" time="13.359"/>
  <system-out/>
</testsuite> <!-- com.Testcase.LoginTestcase -->
